<?xml version="1.0" encoding="UTF-8"?>
<testsuite name="com.java.example.Experiment" tests="1" skipped="0" failures="0" errors="0" timestamp="2017-02-10T02:20:19" hostname="Chupacabra" time="0.001">
  <properties/>
  <testcase name="testThisShit" classname="com.java.example.Experiment" time="0.001"/>
  <system-out><![CDATA[What's up player
]]></system-out>
  <system-err><![CDATA[]]></system-err>
</testsuite>
